android/app/build/intermediates/manifest_merge_blame_file/release/manifest-merger-blame-release-report.txt
1<?xml version="1.0" encoding="utf-8"?>
2<manifest xmlns:android="http://schemas.android.com/apk/res/android"
3    package="com.myapp"
4    android:versionCode="1"
5    android:versionName="1.0" >
6
7    <uses-sdk
8        android:minSdkVersion="23"
8-->src/main/AndroidManifest.xml
9        android:targetSdkVersion="29" />
9-->src/main/AndroidManifest.xml
10
11    <uses-permission android:name="android.permission.INTERNET" />
11-->src/main/AndroidManifest.xml:4:5-67
11-->src/main/AndroidManifest.xml:4:22-64
12    <uses-permission android:name="android.permission.SYSTEM_ALERT_WINDOW" />
12-->src/main/AndroidManifest.xml:5:5-78
12-->src/main/AndroidManifest.xml:5:22-75
13    <uses-permission android:name="android.permission.WRITE_CONTACTS" />
13-->src/main/AndroidManifest.xml:7:5-73
13-->src/main/AndroidManifest.xml:7:22-70
14    <uses-permission android:name="android.permission.READ_CONTACTS" />
14-->src/main/AndroidManifest.xml:8:5-72
14-->src/main/AndroidManifest.xml:8:22-69
15    <uses-permission android:name="android.permission.CAMERA" />
15-->src/main/AndroidManifest.xml:10:5-81
15-->src/main/AndroidManifest.xml:10:22-62
16    <uses-permission android:name="android.permission.READ_EXTERNAL_STORAGE" />
16-->src/main/AndroidManifest.xml:11:5-80
16-->src/main/AndroidManifest.xml:11:22-77
17    <uses-permission android:name="android.permission.WRITE_EXTERNAL_STORAGE" />
17-->src/main/AndroidManifest.xml:12:1-77
17-->src/main/AndroidManifest.xml:12:18-74
18    <uses-permission android:name="android.permission.RECORD_AUDIO" />
18-->src/main/AndroidManifest.xml:13:1-66
18-->src/main/AndroidManifest.xml:13:18-64
19
20    <uses-feature
20-->[:react-native-camera] AndroidManifest.xml:11:5-13:36
21        android:name="android.hardware.camera"
21-->[:react-native-camera] AndroidManifest.xml:12:9-47
22        android:required="false" />
22-->[:react-native-camera] AndroidManifest.xml:13:9-33
23    <uses-feature
23-->[:react-native-camera] AndroidManifest.xml:14:5-16:36
24        android:name="android.hardware.camera.autofocus"
24-->[:react-native-camera] AndroidManifest.xml:15:9-57
25        android:required="false" />
25-->[:react-native-camera] AndroidManifest.xml:16:9-33
26
27    <uses-permission android:name="android.permission.WAKE_LOCK" />
27-->[:react-native-firebase_auth] AndroidManifest.xml:12:5-68
27-->[:react-native-firebase_auth] AndroidManifest.xml:12:22-65
28    <uses-permission android:name="android.permission.ACCESS_NETWORK_STATE" />
28-->[:react-native-firebase_auth] AndroidManifest.xml:13:5-79
28-->[:react-native-firebase_auth] AndroidManifest.xml:13:22-76
29    <uses-permission android:name="android.permission.READ_CALL_LOG" />
29-->[:react-native-call-log] AndroidManifest.xml:11:5-72
29-->[:react-native-call-log] AndroidManifest.xml:11:22-69
30
31    <application
31-->src/main/AndroidManifest.xml:14:5-32:19
32        android:name="com.myapp.MainApplication"
32-->src/main/AndroidManifest.xml:15:7-38
33        android:allowBackup="false"
33-->src/main/AndroidManifest.xml:19:7-34
34        android:appComponentFactory="androidx.core.app.CoreComponentFactory"
34-->[androidx.core:core:1.1.0] AndroidManifest.xml:24:18-86
35        android:extractNativeLibs="false"
36        android:icon="@mipmap/ic_launcher"
36-->src/main/AndroidManifest.xml:17:7-41
37        android:label="@string/app_name"
37-->src/main/AndroidManifest.xml:16:7-39
38        android:roundIcon="@mipmap/ic_launcher_round"
38-->src/main/AndroidManifest.xml:18:7-52
39        android:theme="@style/AppTheme" >
39-->src/main/AndroidManifest.xml:20:7-38
40        <activity
40-->src/main/AndroidManifest.xml:21:7-31:18
41            android:name="com.myapp.MainActivity"
41-->src/main/AndroidManifest.xml:22:9-37
42            android:configChanges="keyboard|keyboardHidden|orientation|screenSize|uiMode"
42-->src/main/AndroidManifest.xml:24:9-86
43            android:label="@string/app_name"
43-->src/main/AndroidManifest.xml:23:9-41
44            android:launchMode="singleTask"
44-->src/main/AndroidManifest.xml:25:9-40
45            android:windowSoftInputMode="adjustResize" >
45-->src/main/AndroidManifest.xml:26:9-51
46            <intent-filter>
46-->src/main/AndroidManifest.xml:27:9-30:25
47                <action android:name="android.intent.action.MAIN" />
47-->src/main/AndroidManifest.xml:28:13-65
47-->src/main/AndroidManifest.xml:28:21-62
48
49                <category android:name="android.intent.category.LAUNCHER" />
49-->src/main/AndroidManifest.xml:29:13-73
49-->src/main/AndroidManifest.xml:29:23-70
50            </intent-filter>
51        </activity>
52        <activity
52-->[com.google.firebase:firebase-auth:20.0.4] AndroidManifest.xml:27:9-44:20
53            android:name="com.google.firebase.auth.internal.GenericIdpActivity"
53-->[com.google.firebase:firebase-auth:20.0.4] AndroidManifest.xml:28:13-80
54            android:excludeFromRecents="true"
54-->[com.google.firebase:firebase-auth:20.0.4] AndroidManifest.xml:29:13-46
55            android:exported="true"
55-->[com.google.firebase:firebase-auth:20.0.4] AndroidManifest.xml:30:13-36
56            android:launchMode="singleTask"
56-->[com.google.firebase:firebase-auth:20.0.4] AndroidManifest.xml:31:13-44
57            android:theme="@android:style/Theme.Translucent.NoTitleBar" >
57-->[com.google.firebase:firebase-auth:20.0.4] AndroidManifest.xml:32:13-72
58            <intent-filter>
58-->[com.google.firebase:firebase-auth:20.0.4] AndroidManifest.xml:33:13-43:29
59                <action android:name="android.intent.action.VIEW" />
59-->[com.google.firebase:firebase-auth:20.0.4] AndroidManifest.xml:34:17-69
59-->[com.google.firebase:firebase-auth:20.0.4] AndroidManifest.xml:34:25-66
60
61                <category android:name="android.intent.category.DEFAULT" />
61-->[com.google.firebase:firebase-auth:20.0.4] AndroidManifest.xml:36:17-76
61-->[com.google.firebase:firebase-auth:20.0.4] AndroidManifest.xml:36:27-73
62                <category android:name="android.intent.category.BROWSABLE" />
62-->[com.google.firebase:firebase-auth:20.0.4] AndroidManifest.xml:37:17-78
62-->[com.google.firebase:firebase-auth:20.0.4] AndroidManifest.xml:37:27-75
63
64                <data
64-->[com.google.firebase:firebase-auth:20.0.4] AndroidManifest.xml:39:17-42:51
65                    android:host="firebase.auth"
65-->[com.google.firebase:firebase-auth:20.0.4] AndroidManifest.xml:40:21-49
66                    android:path="/"
66-->[com.google.firebase:firebase-auth:20.0.4] AndroidManifest.xml:41:21-37
67                    android:scheme="genericidp" />
67-->[com.google.firebase:firebase-auth:20.0.4] AndroidManifest.xml:42:21-48
68            </intent-filter>
69        </activity>
70        <activity
70-->[com.google.firebase:firebase-auth:20.0.4] AndroidManifest.xml:45:9-62:20
71            android:name="com.google.firebase.auth.internal.RecaptchaActivity"
71-->[com.google.firebase:firebase-auth:20.0.4] AndroidManifest.xml:46:13-79
72            android:excludeFromRecents="true"
72-->[com.google.firebase:firebase-auth:20.0.4] AndroidManifest.xml:47:13-46
73            android:exported="true"
73-->[com.google.firebase:firebase-auth:20.0.4] AndroidManifest.xml:48:13-36
74            android:launchMode="singleTask"
74-->[com.google.firebase:firebase-auth:20.0.4] AndroidManifest.xml:49:13-44
75            android:theme="@android:style/Theme.Translucent.NoTitleBar" >
75-->[com.google.firebase:firebase-auth:20.0.4] AndroidManifest.xml:50:13-72
76            <intent-filter>
76-->[com.google.firebase:firebase-auth:20.0.4] AndroidManifest.xml:51:13-61:29
77                <action android:name="android.intent.action.VIEW" />
77-->[com.google.firebase:firebase-auth:20.0.4] AndroidManifest.xml:34:17-69
77-->[com.google.firebase:firebase-auth:20.0.4] AndroidManifest.xml:34:25-66
78
79                <category android:name="android.intent.category.DEFAULT" />
79-->[com.google.firebase:firebase-auth:20.0.4] AndroidManifest.xml:36:17-76
79-->[com.google.firebase:firebase-auth:20.0.4] AndroidManifest.xml:36:27-73
80                <category android:name="android.intent.category.BROWSABLE" />
80-->[com.google.firebase:firebase-auth:20.0.4] AndroidManifest.xml:37:17-78
80-->[com.google.firebase:firebase-auth:20.0.4] AndroidManifest.xml:37:27-75
81
82                <data
82-->[com.google.firebase:firebase-auth:20.0.4] AndroidManifest.xml:39:17-42:51
83                    android:host="firebase.auth"
83-->[com.google.firebase:firebase-auth:20.0.4] AndroidManifest.xml:40:21-49
84                    android:path="/"
84-->[com.google.firebase:firebase-auth:20.0.4] AndroidManifest.xml:41:21-37
85                    android:scheme="recaptcha" />
85-->[com.google.firebase:firebase-auth:20.0.4] AndroidManifest.xml:42:21-48
86            </intent-filter>
87        </activity>
88
89        <service
89-->[com.google.firebase:firebase-auth:20.0.4] AndroidManifest.xml:64:9-73:19
90            android:name="com.google.firebase.auth.api.fallback.service.FirebaseAuthFallbackService"
90-->[com.google.firebase:firebase-auth:20.0.4] AndroidManifest.xml:65:13-101
91            android:enabled="true"
91-->[com.google.firebase:firebase-auth:20.0.4] AndroidManifest.xml:66:13-35
92            android:exported="false" >
92-->[com.google.firebase:firebase-auth:20.0.4] AndroidManifest.xml:67:13-37
93            <intent-filter>
93-->[com.google.firebase:firebase-auth:20.0.4] AndroidManifest.xml:68:13-72:29
94                <action android:name="com.google.firebase.auth.api.gms.service.START" />
94-->[com.google.firebase:firebase-auth:20.0.4] AndroidManifest.xml:69:17-89
94-->[com.google.firebase:firebase-auth:20.0.4] AndroidManifest.xml:69:25-86
95
96                <category android:name="android.intent.category.DEFAULT" />
96-->[com.google.firebase:firebase-auth:20.0.4] AndroidManifest.xml:36:17-76
96-->[com.google.firebase:firebase-auth:20.0.4] AndroidManifest.xml:36:27-73
97            </intent-filter>
98        </service>
99        <service
99-->[com.google.firebase:firebase-auth:20.0.4] AndroidManifest.xml:74:9-80:19
100            android:name="com.google.firebase.components.ComponentDiscoveryService"
100-->[com.google.firebase:firebase-auth:20.0.4] AndroidManifest.xml:75:13-84
101            android:directBootAware="true"
101-->[com.google.firebase:firebase-common:19.5.0] AndroidManifest.xml:35:13-43
102            android:exported="false" >
102-->[com.google.firebase:firebase-auth:20.0.4] AndroidManifest.xml:76:13-37
103            <meta-data
103-->[com.google.firebase:firebase-auth:20.0.4] AndroidManifest.xml:77:13-79:85
104                android:name="com.google.firebase.components:com.google.firebase.auth.FirebaseAuthRegistrar"
104-->[com.google.firebase:firebase-auth:20.0.4] AndroidManifest.xml:78:17-109
105                android:value="com.google.firebase.components.ComponentRegistrar" />
105-->[com.google.firebase:firebase-auth:20.0.4] AndroidManifest.xml:79:17-82
106            <!--
107                This registrar is not defined in the dynamic-module-support sdk itself to allow non-firebase
108                clients to use it as well, by defining this registrar in their own core/common library.
109            -->
110            <meta-data
110-->[com.google.firebase:firebase-common:19.5.0] AndroidManifest.xml:43:13-45:85
111                android:name="com.google.firebase.components:com.google.firebase.dynamicloading.DynamicLoadingRegistrar"
111-->[com.google.firebase:firebase-common:19.5.0] AndroidManifest.xml:44:17-121
112                android:value="com.google.firebase.components.ComponentRegistrar" />
112-->[com.google.firebase:firebase-common:19.5.0] AndroidManifest.xml:45:17-82
113        </service>
114
115        <provider
115-->[com.google.firebase:firebase-common:19.5.0] AndroidManifest.xml:26:9-31:39
116            android:name="com.google.firebase.provider.FirebaseInitProvider"
116-->[com.google.firebase:firebase-common:19.5.0] AndroidManifest.xml:27:13-77
117            android:authorities="com.myapp.firebaseinitprovider"
117-->[com.google.firebase:firebase-common:19.5.0] AndroidManifest.xml:28:13-72
118            android:directBootAware="true"
118-->[com.google.firebase:firebase-common:19.5.0] AndroidManifest.xml:29:13-43
119            android:exported="false"
119-->[com.google.firebase:firebase-common:19.5.0] AndroidManifest.xml:30:13-37
120            android:initOrder="100" />
120-->[com.google.firebase:firebase-common:19.5.0] AndroidManifest.xml:31:13-36
121
122        <activity
122-->[com.google.android.gms:play-services-auth:19.0.0] AndroidManifest.xml:23:9-27:75
123            android:name="com.google.android.gms.auth.api.signin.internal.SignInHubActivity"
123-->[com.google.android.gms:play-services-auth:19.0.0] AndroidManifest.xml:24:13-93
124            android:excludeFromRecents="true"
124-->[com.google.android.gms:play-services-auth:19.0.0] AndroidManifest.xml:25:13-46
125            android:exported="false"
125-->[com.google.android.gms:play-services-auth:19.0.0] AndroidManifest.xml:26:13-37
126            android:theme="@android:style/Theme.Translucent.NoTitleBar" />
126-->[com.google.android.gms:play-services-auth:19.0.0] AndroidManifest.xml:27:13-72
127        <!--
128            Service handling Google Sign-In user revocation. For apps that do not integrate with
129            Google Sign-In, this service will never be started.
130        -->
131        <service
131-->[com.google.android.gms:play-services-auth:19.0.0] AndroidManifest.xml:33:9-37:51
132            android:name="com.google.android.gms.auth.api.signin.RevocationBoundService"
132-->[com.google.android.gms:play-services-auth:19.0.0] AndroidManifest.xml:34:13-89
133            android:exported="true"
133-->[com.google.android.gms:play-services-auth:19.0.0] AndroidManifest.xml:35:13-36
134            android:permission="com.google.android.gms.auth.api.signin.permission.REVOCATION_NOTIFICATION"
134-->[com.google.android.gms:play-services-auth:19.0.0] AndroidManifest.xml:36:13-107
135            android:visibleToInstantApps="true" />
135-->[com.google.android.gms:play-services-auth:19.0.0] AndroidManifest.xml:37:13-48
136
137        <activity
137-->[com.google.android.gms:play-services-base:17.1.0] AndroidManifest.xml:23:9-26:75
138            android:name="com.google.android.gms.common.api.GoogleApiActivity"
138-->[com.google.android.gms:play-services-base:17.1.0] AndroidManifest.xml:24:13-79
139            android:exported="false"
139-->[com.google.android.gms:play-services-base:17.1.0] AndroidManifest.xml:25:13-37
140            android:theme="@android:style/Theme.Translucent.NoTitleBar" />
140-->[com.google.android.gms:play-services-base:17.1.0] AndroidManifest.xml:26:13-72
141
142        <meta-data
142-->[com.google.android.gms:play-services-basement:17.1.1] AndroidManifest.xml:23:9-25:69
143            android:name="com.google.android.gms.version"
143-->[com.google.android.gms:play-services-basement:17.1.1] AndroidManifest.xml:24:13-58
144            android:value="@integer/google_play_services_version" />
144-->[com.google.android.gms:play-services-basement:17.1.1] AndroidManifest.xml:25:13-66
145    </application>
146
147</manifest>